2020-11-02 20:24:05,623:::INFO:::trytond.backend.postgresql.database: connect to "health36"
2020-11-02 20:24:05,725:::INFO:::trytond.modules: ir:registering classes
2020-11-02 20:24:05,725:::INFO:::trytond.modules: res:registering classes
2020-11-02 20:24:05,725:::INFO:::trytond.modules: country:registering classes
2020-11-02 20:24:05,725:::INFO:::trytond.modules: currency:registering classes
2020-11-02 20:24:05,726:::INFO:::trytond.modules: health_webdav3_server:registering classes
2020-11-02 20:24:05,727:::INFO:::trytond.modules: tests:registering classes
2020-11-02 20:24:05,727:::INFO:::trytond.modules: webdav:registering classes
2020-11-02 20:24:05,727:::INFO:::trytond.modules: calendar:registering classes
2020-11-02 20:24:05,755:::INFO:::trytond.modules: health_caldav:registering classes
2020-11-02 20:24:05,757:::INFO:::trytond.modules: party:registering classes
2020-11-02 20:24:05,761:::INFO:::trytond.modules: company:registering classes
2020-11-02 20:24:05,771:::INFO:::trytond.modules: account:registering classes
2020-11-02 20:24:05,781:::INFO:::trytond.modules: product:registering classes
2020-11-02 20:24:05,783:::INFO:::trytond.modules: account_product:registering classes
2020-11-02 20:24:05,784:::INFO:::trytond.modules: health:registering classes
2020-11-02 20:24:05,797:::INFO:::trytond.modules: stock:registering classes
2020-11-02 20:24:05,803:::INFO:::trytond.modules: account_invoice:registering classes
2020-11-02 20:24:05,807:::INFO:::trytond.modules: health_archives:registering classes
2020-11-02 20:24:05,807:::INFO:::trytond.modules: health_calendar:registering classes
2020-11-02 20:24:05,808:::INFO:::trytond.modules: health_contact_tracing:registering classes
2020-11-02 20:24:05,809:::INFO:::trytond.modules: health_crypto:registering classes
2020-11-02 20:24:05,809:::INFO:::trytond.modules: health_ems:registering classes
2020-11-02 20:24:05,810:::INFO:::trytond.modules: health_federation:registering classes
2020-11-02 20:24:05,839:::INFO:::trytond.modules: health_genetics:registering classes
2020-11-02 20:24:05,840:::INFO:::trytond.modules: health_gyneco:registering classes
2020-11-02 20:24:05,841:::INFO:::trytond.modules: health_icd10:registering classes
2020-11-02 20:24:05,841:::INFO:::trytond.modules: health_icd10pcs:registering classes
2020-11-02 20:24:05,842:::INFO:::trytond.modules: health_icd9procs:registering classes
2020-11-02 20:24:05,842:::INFO:::trytond.modules: health_icpm:registering classes
2020-11-02 20:24:05,842:::INFO:::trytond.modules: health_imaging:registering classes
2020-11-02 20:24:05,843:::INFO:::trytond.modules: health_iss:registering classes
2020-11-02 20:24:05,844:::INFO:::trytond.modules: health_lab:registering classes
2020-11-02 20:24:05,845:::INFO:::trytond.modules: health_lifestyle:registering classes
2020-11-02 20:24:05,846:::INFO:::trytond.modules: health_ophthalmology:registering classes
2020-11-02 20:24:05,847:::INFO:::trytond.modules: health_pediatrics:registering classes
2020-11-02 20:24:05,848:::INFO:::trytond.modules: health_reporting:registering classes
2020-11-02 20:24:06,161:::INFO:::trytond.modules: health_socioeconomics:registering classes
2020-11-02 20:24:06,162:::INFO:::trytond.modules: health_surgery:registering classes
2020-11-02 20:24:06,164:::INFO:::trytond.modules: health_who_essential_medicines:registering classes
2020-11-02 20:24:06,165:::INFO:::trytond.modules: stock_lot:registering classes
2020-11-02 20:24:06,166:::INFO:::trytond.modules: account_invoice_stock:registering classes
2020-11-02 20:24:06,167:::INFO:::trytond.modules: health_crypto_lab:registering classes
2020-11-02 20:24:06,168:::INFO:::trytond.modules: health_disability:registering classes
2020-11-02 20:24:06,169:::INFO:::trytond.modules: health_genetics_uniprot:registering classes
2020-11-02 20:24:06,170:::INFO:::trytond.modules: health_history:registering classes
2020-11-02 20:24:06,170:::INFO:::trytond.modules: health_inpatient:registering classes
2020-11-02 20:24:06,173:::INFO:::trytond.modules: health_mdg6:registering classes
2020-11-02 20:24:06,173:::INFO:::trytond.modules: health_ntd:registering classes
2020-11-02 20:24:06,173:::INFO:::trytond.modules: health_orthanc:registering classes
2020-11-02 20:24:06,191:::INFO:::trytond.modules: health_pediatrics_growth_charts:registering classes
2020-11-02 20:24:06,192:::INFO:::trytond.modules: health_qrcodes:registering classes
2020-11-02 20:24:06,198:::INFO:::trytond.modules: health_services:registering classes
2020-11-02 20:24:06,199:::INFO:::trytond.modules: health_inpatient_calendar:registering classes
2020-11-02 20:24:06,200:::INFO:::trytond.modules: health_insurance:registering classes
2020-11-02 20:24:06,200:::INFO:::trytond.modules: health_ntd_chagas:registering classes
2020-11-02 20:24:06,201:::INFO:::trytond.modules: health_ntd_dengue:registering classes
2020-11-02 20:24:06,202:::INFO:::trytond.modules: health_nursing:registering classes
2020-11-02 20:24:06,203:::INFO:::trytond.modules: health_pediatrics_growth_charts_who:registering classes
2020-11-02 20:24:06,203:::INFO:::trytond.modules: health_profile:registering classes
2020-11-02 20:24:06,204:::INFO:::trytond.modules: health_services_lab:registering classes
2020-11-02 20:24:06,204:::INFO:::trytond.modules: purchase:registering classes
2020-11-02 20:24:06,208:::INFO:::trytond.modules: health_icu:registering classes
2020-11-02 20:24:06,209:::INFO:::trytond.modules: health_stock:registering classes
2020-11-02 20:24:06,210:::INFO:::trytond.modules: purchase_request:registering classes
2020-11-02 20:24:06,212:::INFO:::trytond.modules: stock_supply:registering classes
2020-11-02 20:24:06,213:::INFO:::trytond.pool: init pool for "health36"
2020-11-02 20:24:06,232:::INFO:::trytond.modules: ir
2020-11-02 20:24:06,233:::INFO:::trytond.modules: res
2020-11-02 20:24:06,233:::INFO:::trytond.modules: country
2020-11-02 20:24:06,233:::INFO:::trytond.modules: currency
2020-11-02 20:24:06,233:::INFO:::trytond.modules: webdav
2020-11-02 20:24:06,233:::INFO:::trytond.modules: calendar
2020-11-02 20:24:06,234:::INFO:::trytond.modules: party
2020-11-02 20:24:06,234:::INFO:::trytond.modules: company
2020-11-02 20:24:06,234:::INFO:::trytond.modules: account
2020-11-02 20:24:06,235:::INFO:::trytond.modules: product
2020-11-02 20:24:06,235:::INFO:::trytond.modules: account_product
2020-11-02 20:24:06,235:::INFO:::trytond.modules: health
2020-11-02 20:24:06,235:::INFO:::trytond.modules: stock
2020-11-02 20:24:06,236:::INFO:::trytond.modules: account_invoice
2020-11-02 20:24:06,236:::INFO:::trytond.modules: health_archives
2020-11-02 20:24:06,236:::INFO:::trytond.modules: health_calendar
2020-11-02 20:24:06,237:::INFO:::trytond.modules: health_crypto
2020-11-02 20:24:06,237:::INFO:::trytond.modules: health_ems
2020-11-02 20:24:06,237:::INFO:::trytond.modules: health_federation
2020-11-02 20:24:06,237:::INFO:::trytond.modules: health_genetics
2020-11-02 20:24:06,237:::INFO:::trytond.modules: health_gyneco
2020-11-02 20:24:06,237:::INFO:::trytond.modules: health_icd10
2020-11-02 20:24:06,237:::INFO:::trytond.modules: health_icd9procs
2020-11-02 20:24:06,237:::INFO:::trytond.modules: health_icpm
2020-11-02 20:24:06,237:::INFO:::trytond.modules: health_imaging
2020-11-02 20:24:06,237:::INFO:::trytond.modules: health_iss
2020-11-02 20:24:06,237:::INFO:::trytond.modules: health_lab
2020-11-02 20:24:06,238:::INFO:::trytond.modules: health_lifestyle
2020-11-02 20:24:06,238:::INFO:::trytond.modules: health_ophthalmology
2020-11-02 20:24:06,238:::INFO:::trytond.modules: health_pediatrics
2020-11-02 20:24:06,238:::INFO:::trytond.modules: health_reporting
2020-11-02 20:24:06,238:::INFO:::trytond.modules: health_socioeconomics
2020-11-02 20:24:06,238:::INFO:::trytond.modules: health_surgery
2020-11-02 20:24:06,238:::INFO:::trytond.modules: health_who_essential_medicines
2020-11-02 20:24:06,238:::INFO:::trytond.modules: stock_lot
2020-11-02 20:24:06,239:::INFO:::trytond.modules: account_invoice_stock
2020-11-02 20:24:06,239:::INFO:::trytond.modules: health_crypto_lab
2020-11-02 20:24:06,239:::INFO:::trytond.modules: health_disability
2020-11-02 20:24:06,239:::INFO:::trytond.modules: health_genetics_uniprot
2020-11-02 20:24:06,239:::INFO:::trytond.modules: health_history
2020-11-02 20:24:06,239:::INFO:::trytond.modules: health_inpatient
2020-11-02 20:24:06,240:::INFO:::trytond.modules: health_mdg6
2020-11-02 20:24:06,240:::INFO:::trytond.modules: health_ntd
2020-11-02 20:24:06,240:::INFO:::trytond.modules: health_pediatrics_growth_charts
2020-11-02 20:24:06,240:::INFO:::trytond.modules: health_qrcodes
2020-11-02 20:24:06,240:::INFO:::trytond.modules: health_services
2020-11-02 20:24:06,240:::INFO:::trytond.modules: health_inpatient_calendar
2020-11-02 20:24:06,240:::INFO:::trytond.modules: health_insurance
2020-11-02 20:24:06,240:::INFO:::trytond.modules: health_ntd_chagas
2020-11-02 20:24:06,240:::INFO:::trytond.modules: health_ntd_dengue
2020-11-02 20:24:06,241:::INFO:::trytond.modules: health_nursing
2020-11-02 20:24:06,241:::INFO:::trytond.modules: health_pediatrics_growth_charts_who
2020-11-02 20:24:06,241:::INFO:::trytond.modules: health_profile
2020-11-02 20:24:06,241:::INFO:::trytond.modules: health_services_lab
2020-11-02 20:24:06,241:::INFO:::trytond.modules: purchase
2020-11-02 20:24:06,242:::INFO:::trytond.modules: health_icu
2020-11-02 20:24:06,242:::INFO:::trytond.modules: health_stock
2020-11-02 20:24:06,242:::INFO:::trytond.modules: purchase_request
2020-11-02 20:24:06,242:::INFO:::trytond.modules: stock_supply
2020-11-02 20:24:06,242:::INFO:::trytond.pool: setup pool for "health36"
2020-11-02 20:24:06,791:::INFO:::trytond.pool: setup mixin for "health36"
2020-11-02 20:24:06,791:::INFO:::trytond.modules: all modules loaded
